<?xml version="1.0" encoding="UTF-8"?>
<!-- Generated by org.testng.reporters.JUnitXMLReporter -->
<testsuite ignored="1" hostname="DESKTOP-O79T7JQ" failures="0" tests="2" name="Car Loan" time="0.036" errors="0" timestamp="2023-12-05T12:50:21 IST">
  <testcase classname="loanDepartment.LoginCar" name="loginAPICarLoan" time="0.007"/>
  <testcase classname="loanDepartment.LoginCar" name="webLoginCarLoan" time="0.003"/>
  <testcase classname="loanDepartment.LoginCar" name="MobileLoginCarLoan" time="0.0">
    <ignored/>
  </testcase> <!-- MobileLoginCarLoan -->
</testsuite> <!-- Car Loan -->
