<?xml version="1.0" encoding="UTF-8"?>
<!-- Generated by org.testng.reporters.JUnitXMLReporter -->
<testsuite ignored="0" hostname="DESKTOP-O79T7JQ" failures="0" tests="3" name="Home Loan" time="0.022" errors="0" timestamp="2023-12-05T12:50:21 IST">
  <testcase classname="loanDepartment.LoginHome" name="MobileLoginHomeLoan" time="0.002"/>
  <testcase classname="loanDepartment.LoginHome" name="loginAPIHomeLoan" time="0.002"/>
  <testcase classname="loanDepartment.LoginHome" name="webLoginHomeLoan" time="0.002"/>
</testsuite> <!-- Home Loan -->
