<?xml version="1.0" encoding="UTF-8"?>
<!-- Generated by org.testng.reporters.JUnitXMLReporter -->
<testsuite ignored="0" hostname="DESKTOP-O79T7JQ" failures="0" tests="3" name="Home Loan" time="0.049" errors="0" timestamp="2023-12-05T13:39:52 IST">
  <testcase classname="loanDepartment.LoginHome" name="MobileLoginHomeLoan" time="0.005"/>
  <testcase classname="loanDepartment.LoginHome" name="loginAPIHomeLoan" time="0.004"/>
  <testcase classname="loanDepartment.LoginHome" name="webLoginHomeLoan" time="0.013"/>
</testsuite> <!-- Home Loan -->
