<?xml version="1.0" encoding="UTF-8"?>
<!-- Generated by org.testng.reporters.JUnitXMLReporter -->
<testsuite ignored="0" hostname="DESKTOP-O79T7JQ" failures="0" tests="9" name="Personal Loan" time="0.176" errors="0" timestamp="2023-12-05T13:12:24 IST">
  <testcase classname="loanDepartment.LoginCar" name="MobileLoginCarLoan" time="0.015"/>
  <testcase classname="loanDepartment.LoginCar" name="loginAPICarLoan" time="0.005"/>
  <testcase classname="loanDepartment.LoginCar" name="webLoginCarLoan" time="0.007"/>
  <testcase classname="loanDepartment.LoginHome" name="MobileLoginHomeLoan" time="0.002"/>
  <testcase classname="loanDepartment.LoginHome" name="loginAPIHomeLoan" time="0.003"/>
  <testcase classname="loanDepartment.LoginHome" name="webLoginHomeLoan" time="0.003"/>
  <testcase classname="loanDepartment.PersonalLoanOne" name="testOne" time="0.004"/>
  <testcase classname="loanDepartment.PersonalLoanOne" name="testSecond" time="0.006"/>
  <testcase classname="loanDepartment.PersonalLoanTwo" name="testOne" time="0.006"/>
</testsuite> <!-- Personal Loan -->
