<?xml version="1.0" encoding="UTF-8"?>
<!-- Generated by org.testng.reporters.JUnitXMLReporter -->
<testsuite ignored="0" hostname="DESKTOP-O79T7JQ" failures="0" tests="3" name="Personal Loan" time="0.137" errors="0" timestamp="2023-12-05T13:39:52 IST">
  <testcase classname="loanDepartment.PersonalLoanOne" name="testOne" time="0.014"/>
  <testcase classname="loanDepartment.PersonalLoanOne" name="testSecond" time="0.007"/>
  <testcase classname="loanDepartment.PersonalLoanTwo" name="testOne" time="0.004"/>
</testsuite> <!-- Personal Loan -->
