<?xml version="1.0" encoding="UTF-8"?>
<!-- Generated by org.testng.reporters.JUnitXMLReporter -->
<testsuite ignored="6" hostname="DESKTOP-O79T7JQ" failures="0" tests="3" name="regressions" time="0.123" errors="0" timestamp="2023-12-05T14:05:55 IST">
  <testcase classname="loanDepartment.PersonalLoanOne" name="testSecond" time="0.023"/>
  <testcase classname="loanDepartment.LoginHome" name="loginAPIHomeLoan" time="0.003"/>
  <testcase classname="loanDepartment.LoginHome" name="webLoginHomeLoan" time="0.006"/>
  <testcase classname="loanDepartment.LoginCar" name="loginAPICarLoan" time="0.0">
    <ignored/>
  </testcase> <!-- loginAPICarLoan -->
  <testcase classname="loanDepartment.LoginCar" name="MobileLoginCarLoan" time="0.0">
    <ignored/>
  </testcase> <!-- MobileLoginCarLoan -->
  <testcase classname="loanDepartment.PersonalLoanOne" name="testOne" time="0.0">
    <ignored/>
  </testcase> <!-- testOne -->
  <testcase classname="loanDepartment.PersonalLoanTwo" name="testOne" time="0.0">
    <ignored/>
  </testcase> <!-- testOne -->
  <testcase classname="loanDepartment.LoginHome" name="MobileLoginHomeLoan" time="0.0">
    <ignored/>
  </testcase> <!-- MobileLoginHomeLoan -->
  <testcase classname="loanDepartment.LoginCar" name="webLoginCarLoan" time="0.0">
    <ignored/>
  </testcase> <!-- webLoginCarLoan -->
</testsuite> <!-- regressions -->
