<?xml version="1.0" encoding="UTF-8"?>
<testng-results ignored="0" total="9" passed="9" failed="0" skipped="0">
  <reporter-output>
  </reporter-output>
  <suite started-at="2023-12-05T13:12:24 IST" name="Loan department" finished-at="2023-12-05T13:12:24 IST" duration-ms="176">
    <groups>
    </groups>
    <test started-at="2023-12-05T13:12:24 IST" name="Personal Loan" finished-at="2023-12-05T13:12:24 IST" duration-ms="176">
      <class name="loanDepartment.LoginCar">
        <test-method signature="MobileLoginCarLoan()[pri:0, instance:loanDepartment.LoginCar@31c88ec8]" started-at="2023-12-05T13:12:24 IST" name="MobileLoginCarLoan" finished-at="2023-12-05T13:12:24 IST" duration-ms="15" status="PASS">
          <reporter-output>
          </reporter-output>
        </test-method> <!-- MobileLoginCarLoan -->
        <test-method signature="loginAPICarLoan()[pri:0, instance:loanDepartment.LoginCar@31c88ec8]" started-at="2023-12-05T13:12:24 IST" name="loginAPICarLoan" finished-at="2023-12-05T13:12:24 IST" duration-ms="5" status="PASS">
          <reporter-output>
          </reporter-output>
        </test-method> <!-- loginAPICarLoan -->
        <test-method signature="webLoginCarLoan()[pri:0, instance:loanDepartment.LoginCar@31c88ec8]" started-at="2023-12-05T13:12:24 IST" name="webLoginCarLoan" finished-at="2023-12-05T13:12:24 IST" duration-ms="7" status="PASS">
          <reporter-output>
          </reporter-output>
        </test-method> <!-- webLoginCarLoan -->
      </class> <!-- loanDepartment.LoginCar -->
      <class name="loanDepartment.PersonalLoanOne">
        <test-method signature="testOne()[pri:0, instance:loanDepartment.PersonalLoanOne@188715b5]" started-at="2023-12-05T13:12:24 IST" name="testOne" finished-at="2023-12-05T13:12:24 IST" duration-ms="4" status="PASS">
          <reporter-output>
          </reporter-output>
        </test-method> <!-- testOne -->
        <test-method signature="testSecond()[pri:0, instance:loanDepartment.PersonalLoanOne@188715b5]" started-at="2023-12-05T13:12:24 IST" name="testSecond" finished-at="2023-12-05T13:12:24 IST" duration-ms="6" status="PASS">
          <reporter-output>
          </reporter-output>
        </test-method> <!-- testSecond -->
      </class> <!-- loanDepartment.PersonalLoanOne -->
      <class name="loanDepartment.LoginHome">
        <test-method signature="MobileLoginHomeLoan()[pri:0, instance:loanDepartment.LoginHome@50eac852]" started-at="2023-12-05T13:12:24 IST" name="MobileLoginHomeLoan" finished-at="2023-12-05T13:12:24 IST" duration-ms="2" status="PASS">
          <reporter-output>
          </reporter-output>
        </test-method> <!-- MobileLoginHomeLoan -->
        <test-method signature="loginAPIHomeLoan()[pri:0, instance:loanDepartment.LoginHome@50eac852]" started-at="2023-12-05T13:12:24 IST" name="loginAPIHomeLoan" finished-at="2023-12-05T13:12:24 IST" duration-ms="3" status="PASS">
          <reporter-output>
          </reporter-output>
        </test-method> <!-- loginAPIHomeLoan -->
        <test-method signature="webLoginHomeLoan()[pri:0, instance:loanDepartment.LoginHome@50eac852]" started-at="2023-12-05T13:12:24 IST" name="webLoginHomeLoan" finished-at="2023-12-05T13:12:24 IST" duration-ms="3" status="PASS">
          <reporter-output>
          </reporter-output>
        </test-method> <!-- webLoginHomeLoan -->
      </class> <!-- loanDepartment.LoginHome -->
      <class name="loanDepartment.PersonalLoanTwo">
        <test-method signature="testOne()[pri:0, instance:loanDepartment.PersonalLoanTwo@1ea9f6af]" started-at="2023-12-05T13:12:24 IST" name="testOne" finished-at="2023-12-05T13:12:24 IST" duration-ms="6" status="PASS">
          <reporter-output>
          </reporter-output>
        </test-method> <!-- testOne -->
      </class> <!-- loanDepartment.PersonalLoanTwo -->
    </test> <!-- Personal Loan -->
  </suite> <!-- Loan department -->
</testng-results>
