<?xml version="1.0" encoding="UTF-8"?>
<testng-results ignored="6" total="9" passed="3" failed="0" skipped="0">
  <reporter-output>
  </reporter-output>
  <suite started-at="2023-12-05T14:05:55 IST" name="Loan department" finished-at="2023-12-05T14:05:55 IST" duration-ms="123">
    <groups>
      <group name="Smokes">
        <method signature="LoginHome.loginAPIHomeLoan()[pri:0, instance:loanDepartment.LoginHome@6eda5c9]" name="loginAPIHomeLoan" class="loanDepartment.LoginHome"/>
        <method signature="LoginHome.webLoginHomeLoan()[pri:0, instance:loanDepartment.LoginHome@6eda5c9]" name="webLoginHomeLoan" class="loanDepartment.LoginHome"/>
        <method signature="PersonalLoanOne.testSecond()[pri:0, instance:loanDepartment.PersonalLoanOne@2c767a52]" name="testSecond" class="loanDepartment.PersonalLoanOne"/>
      </group> <!-- Smokes -->
    </groups>
    <test started-at="2023-12-05T14:05:55 IST" name="regressions" finished-at="2023-12-05T14:05:55 IST" duration-ms="123">
      <class name="loanDepartment.PersonalLoanOne">
        <test-method signature="testSecond()[pri:0, instance:loanDepartment.PersonalLoanOne@2c767a52]" started-at="2023-12-05T14:05:55 IST" name="testSecond" finished-at="2023-12-05T14:05:55 IST" duration-ms="23" status="PASS">
          <reporter-output>
          </reporter-output>
        </test-method> <!-- testSecond -->
      </class> <!-- loanDepartment.PersonalLoanOne -->
      <class name="loanDepartment.LoginHome">
        <test-method signature="loginAPIHomeLoan()[pri:0, instance:loanDepartment.LoginHome@6eda5c9]" started-at="2023-12-05T14:05:55 IST" name="loginAPIHomeLoan" finished-at="2023-12-05T14:05:55 IST" duration-ms="3" status="PASS">
          <reporter-output>
          </reporter-output>
        </test-method> <!-- loginAPIHomeLoan -->
        <test-method signature="webLoginHomeLoan()[pri:0, instance:loanDepartment.LoginHome@6eda5c9]" started-at="2023-12-05T14:05:55 IST" name="webLoginHomeLoan" finished-at="2023-12-05T14:05:55 IST" duration-ms="6" status="PASS">
          <reporter-output>
          </reporter-output>
        </test-method> <!-- webLoginHomeLoan -->
      </class> <!-- loanDepartment.LoginHome -->
    </test> <!-- regressions -->
  </suite> <!-- Loan department -->
</testng-results>
